# JRE version: Java(TM) SE Runtime Environment (20.0.1+9) (build 20.0.1+9-29)
# Java VM: Java HotSpot(TM) 64-Bit Server VM (20.0.1+9-29, mixed mode, emulated-client, sharing, tiered, compressed oops, compressed class ptrs, g1 gc, windows-amd64)
GC Precious Log:
 CardTable entry size: 512
 Card Set container configuration: InlinePtr #cards 5 size 8 Array Of Cards #cards 12 size 40 Howl #buckets 4 coarsen threshold 1843 Howl Bitmap #cards 512 size 80 coarsen threshold 460 Card regions per heap region 1 cards per card region 2048
 CPUs: 4 total, 4 available
 Memory: 7543M
 Large Page Support: Disabled
 NUMA Support: Disabled
 Compressed Oops: Enabled (32-bit)
 Heap Region Size: 1M
 Heap Min Capacity: 8M
 Heap Initial Capacity: 118M
 Heap Max Capacity: 1886M
 Pre-touch: Disabled
 Parallel Workers: 4
 Concurrent Workers: 1
 Concurrent Refinement Workers: 4
 Periodic GC: Disabled
Heap:
 garbage-first heap   total 137216K, used 96074K [0x000000008a200000, 0x0000000100000000)
  region size 1024K, 54 young (55296K), 4 survivors (4096K)
 Metaspace       used 86704K, committed 87680K, reserved 1179648K
  class space    used 11802K, committed 12288K, reserved 1048576K
GC Heap History (20 events):
Event: 5531.418 GC heap after
{Heap after GC invocations=135 (full 15):
 garbage-first heap   total 114688K, used 39231K [0x000000008a200000, 0x0000000100000000)
  region size 1024K, 0 young (0K), 0 survivors (0K)
 Metaspace       used 85695K, committed 86848K, reserved 1179648K
  class space    used 11727K, committed 12224K, reserved 1048576K
}
Event: 5531.961 GC heap before
{Heap before GC invocations=135 (full 15):
 garbage-first heap   total 114688K, used 83263K [0x000000008a200000, 0x0000000100000000)
  region size 1024K, 45 young (46080K), 0 survivors (0K)
 Metaspace       used 85831K, committed 86848K, reserved 1179648K
  class space    used 11742K, committed 12224K, reserved 1048576K
}
Event: 5531.964 GC heap after
{Heap after GC invocations=136 (full 15):
 garbage-first heap   total 114688K, used 43580K [0x000000008a200000, 0x0000000100000000)
  region size 1024K, 5 young (5120K), 5 survivors (5120K)
 Metaspace       used 85831K, committed 86848K, reserved 1179648K
  class space    used 11742K, committed 12224K, reserved 1048576K
}
Event: 5534.104 GC heap before
{Heap before GC invocations=137 (full 15):
 garbage-first heap   total 114688K, used 94780K [0x000000008a200000, 0x0000000100000000)
  region size 1024K, 55 young (56320K), 5 survivors (5120K)
 Metaspace       used 86248K, committed 87168K, reserved 1179648K
  class space    used 11774K, committed 12224K, reserved 1048576K
}
Event: 5534.153 GC heap after
{Heap after GC invocations=138 (full 16):
 garbage-first heap   total 114688K, used 39364K [0x000000008a200000, 0x0000000100000000)
  region size 1024K, 0 young (0K), 0 survivors (0K)
 Metaspace       used 85694K, committed 86848K, reserved 1179648K
  class space    used 11728K, committed 12224K, reserved 1048576K
}
Event: 5534.560 GC heap before
{Heap before GC invocations=138 (full 16):
 garbage-first heap   total 114688K, used 83396K [0x000000008a200000, 0x0000000100000000)
  region size 1024K, 45 young (46080K), 0 survivors (0K)
 Metaspace       used 85832K, committed 86848K, reserved 1179648K
  class space    used 11744K, committed 12224K, reserved 1048576K
}
Event: 5534.563 GC heap after
{Heap after GC invocations=139 (full 16):
 garbage-first heap   total 114688K, used 43226K [0x000000008a200000, 0x0000000100000000)
  region size 1024K, 4 young (4096K), 4 survivors (4096K)
 Metaspace       used 85832K, committed 86848K, reserved 1179648K
  class space    used 11744K, committed 12224K, reserved 1048576K
}
Event: 5537.475 GC heap before
{Heap before GC invocations=140 (full 16):
 garbage-first heap   total 114688K, used 96474K [0x000000008a200000, 0x0000000100000000)
  region size 1024K, 55 young (56320K), 4 survivors (4096K)
 Metaspace       used 86246K, committed 87168K, reserved 1179648K
  class space    used 11775K, committed 12224K, reserved 1048576K
}
Event: 5537.524 GC heap after
{Heap after GC invocations=141 (full 17):
 garbage-first heap   total 114688K, used 39512K [0x000000008a200000, 0x0000000100000000)
  region size 1024K, 0 young (0K), 0 survivors (0K)
 Metaspace       used 85615K, committed 87040K, reserved 1179648K
  class space    used 11712K, committed 12224K, reserved 1048576K
}
Event: 5538.054 GC heap before
{Heap before GC invocations=141 (full 17):
 garbage-first heap   total 114688K, used 83544K [0x000000008a200000, 0x0000000100000000)
  region size 1024K, 45 young (46080K), 0 survivors (0K)
 Metaspace       used 85758K, committed 87040K, reserved 1179648K
  class space    used 11729K, committed 12224K, reserved 1048576K
}
Event: 5538.058 GC heap after
{Heap after GC invocations=142 (full 17):
 garbage-first heap   total 138240K, used 43319K [0x000000008a200000, 0x0000000100000000)
  region size 1024K, 4 young (4096K), 4 survivors (4096K)
 Metaspace       used 85758K, committed 87040K, reserved 1179648K
  class space    used 11729K, committed 12224K, reserved 1048576K
}
Event: 5540.062 GC heap before
{Heap before GC invocations=143 (full 17):
 garbage-first heap   total 138240K, used 96567K [0x000000008a200000, 0x0000000100000000)
  region size 1024K, 55 young (56320K), 4 survivors (4096K)
 Metaspace       used 86172K, committed 87168K, reserved 1179648K
  class space    used 11759K, committed 12224K, reserved 1048576K
}
Event: 5540.116 GC heap after
{Heap after GC invocations=144 (full 18):
 garbage-first heap   total 137216K, used 39588K [0x000000008a200000, 0x0000000100000000)
  region size 1024K, 0 young (0K), 0 survivors (0K)
 Metaspace       used 85613K, committed 87168K, reserved 1179648K
  class space    used 11712K, committed 12224K, reserved 1048576K
}
Event: 5540.505 GC heap before
{Heap before GC invocations=144 (full 18):
 garbage-first heap   total 137216K, used 83620K [0x000000008a200000, 0x0000000100000000)
  region size 1024K, 45 young (46080K), 0 survivors (0K)
 Metaspace       used 85749K, committed 87168K, reserved 1179648K
  class space    used 11727K, committed 12224K, reserved 1048576K
}
Event: 5540.508 GC heap after
{Heap after GC invocations=145 (full 18):
 garbage-first heap   total 137216K, used 43560K [0x000000008a200000, 0x0000000100000000)
  region size 1024K, 4 young (4096K), 4 survivors (4096K)
 Metaspace       used 85749K, committed 87168K, reserved 1179648K
  class space    used 11727K, committed 12224K, reserved 1048576K
}
Event: 5542.377 GC heap before
{Heap before GC invocations=146 (full 18):
 garbage-first heap   total 137216K, used 96808K [0x000000008a200000, 0x0000000100000000)
  region size 1024K, 55 young (56320K), 4 survivors (4096K)
 Metaspace       used 86166K, committed 87168K, reserved 1179648K
  class space    used 11758K, committed 12224K, reserved 1048576K
}
Event: 5542.423 GC heap after
{Heap after GC invocations=147 (full 19):
 garbage-first heap   total 137216K, used 39882K [0x000000008a200000, 0x0000000100000000)
  region size 1024K, 0 young (0K), 0 survivors (0K)
 Metaspace       used 86153K, committed 87168K, reserved 1179648K
  class space    used 11756K, committed 12224K, reserved 1048576K
}
Event: 5542.879 GC heap before
{Heap before GC invocations=147 (full 19):
 garbage-first heap   total 137216K, used 83914K [0x000000008a200000, 0x0000000100000000)
  region size 1024K, 45 young (46080K), 0 survivors (0K)
 Metaspace       used 86290K, committed 87232K, reserved 1179648K
  class space    used 11772K, committed 12224K, reserved 1048576K
}
Event: 5542.882 GC heap after
{Heap after GC invocations=148 (full 19):
 garbage-first heap   total 137216K, used 43850K [0x000000008a200000, 0x0000000100000000)
  region size 1024K, 4 young (4096K), 4 survivors (4096K)
 Metaspace       used 86290K, committed 87232K, reserved 1179648K
  class space    used 11772K, committed 12224K, reserved 1048576K
}
Event: 5547.080 GC heap before
{Heap before GC invocations=149 (full 19):
 garbage-first heap   total 137216K, used 96074K [0x000000008a200000, 0x0000000100000000)
  region size 1024K, 54 young (55296K), 4 survivors (4096K)
 Metaspace       used 86704K, committed 87680K, reserved 1179648K
  class space    used 11802K, committed 12288K, reserved 1048576K
}

